Build started 23/11/2016 13:42:42.
     1>Project "C:\Users\Azerane\Documents\GitHub\Logger\Logger\Logger.vcxproj" on node 2 (Build target(s)).
     1>ClCompile:
         C:\Program Files (x86)\Microsoft Visual Studio 14.0\VC\bin\CL.exe /c /ZI /nologo /W3 /WX- /Od /Oy- /D WIN32 /D _DEBUG /D _CONSOLE /D _UNICODE /D UNICODE /Gm /EHsc /RTC1 /MDd /GS /fp:precise /Zc:wchar_t /Zc:forScope /Zc:inline /Fo"Debug\\" /Fd"Debug\vc140.pdb" /Gd /TP /analyze- /errorReport:prompt main.cpp sha256.cpp user.cpp
         user.cpp
     1>c:\users\azerane\documents\github\logger\logger\user.cpp(42): warning C4244: 'argument': conversion from 'time_t' to 'unsigned int', possible loss of data
     1>c:\users\azerane\documents\github\logger\logger\user.cpp(44): warning C4018: '<': signed/unsigned mismatch
         sha256.cpp
     1>c:\users\azerane\documents\github\logger\logger\sha256.cpp(130): warning C4996: 'sprintf': This function or variable may be unsafe. Consider using sprintf_s instead. To disable deprecation, use _CRT_SECURE_NO_WARNINGS. See online help for details.
         c:\program files (x86)\windows kits\10\include\10.0.10150.0\ucrt\stdio.h(1769): note: see declaration of 'sprintf'
         main.cpp
         Generating Code...
       Link:
         C:\Program Files (x86)\Microsoft Visual Studio 14.0\VC\bin\link.exe /ERRORREPORT:PROMPT /OUT:"C:\Users\Azerane\Documents\GitHub\Logger\Debug\Logger.exe" /INCREMENTAL /NOLOGO kernel32.lib user32.lib gdi32.lib winspool.lib comdlg32.lib advapi32.lib shell32.lib ole32.lib oleaut32.lib uuid.lib odbc32.lib odbccp32.lib /MANIFEST /MANIFESTUAC:"level='asInvoker' uiAccess='false'" /manifest:embed /Debug /PDB:"C:\Users\Azerane\Documents\GitHub\Logger\Debug\Logger.pdb" /SUBSYSTEM:CONSOLE /TLBID:1 /DYNAMICBASE /NXCOMPAT /IMPLIB:"C:\Users\Azerane\Documents\GitHub\Logger\Debug\Logger.lib" /MACHINE:X86 Debug\main.obj
         Debug\sha256.obj
         Debug\user.obj
         Logger.vcxproj -> C:\Users\Azerane\Documents\GitHub\Logger\Debug\Logger.exe
     1>Done Building Project "C:\Users\Azerane\Documents\GitHub\Logger\Logger\Logger.vcxproj" (Build target(s)).

Build succeeded.

Time Elapsed 00:00:02.16
